<?xml version="1.0" encoding="UTF-8"?>
<!-- Generated by org.testng.reporters.JUnitXMLReporter -->
<testsuite ignored="1" hostname="HAREESHMA-SARATH-IRISH" failures="0" tests="1" name="Default test" time="10.195" errors="0" timestamp="2024-07-19T08:57:25 IST">
  <testcase classname="assignmentThree.ToolTipTest" name="verifyToolTipIsShowingOrNotUsingActionClass" time="2.602"/>
  <testcase classname="assignmentThree.ToolTipTest" name="verifyToolTipInElementLiveUsingGetAttribute" time="0.0">
    <ignored/>
  </testcase> <!-- verifyToolTipInElementLiveUsingGetAttribute -->
</testsuite> <!-- Default test -->
