<?xml version="1.0" encoding="UTF-8"?>
<!-- Generated by org.testng.reporters.JUnitXMLReporter -->
<testsuite ignored="0" hostname="HAREESHMA-SARATH-IRISH" failures="0" tests="2" name="Test" time="5.94" errors="0" timestamp="2024-07-23T22:39:26 IST">
  <testcase classname="testNGAssignment.GoogleSearchTest" name="javascriptExecuterGoogleSearchCheck" time="0.313"/>
  <testcase classname="testNGAssignment.GoogleSearchTest" name="parameterizartionGoogleSearchCheck" time="0.301"/>
</testsuite> <!-- Test -->
